<mvsim_world version="1.0">
	<!-- General simulation options -->
	<simul_timestep>0</simul_timestep> <!-- Simulation fixed-time interval for numerical integration [seconds] or 0 to autodetermine -->

	<!-- GUI options -->
	<gui>
		<ortho>false</ortho>
		<show_forces>true</show_forces>  <force_scale>0.01</force_scale>
		<cam_distance>35</cam_distance>
		<fov_deg>35</fov_deg>
		<refresh_fps>20</refresh_fps>
		<!-- <follow_vehicle>r1</follow_vehicle> -->
	</gui>


	<!-- ========================
		   Scenario definition
	     ======================== -->
	<!-- ground grid (for visual reference) -->
	<element class="ground_grid">
		<floating>true</floating>
	</element>

	<!-- ground -->
	<element class="horizontal_plane">
		<cull_face>BACK</cull_face>
		<x_min>-20</x_min>
		<y_min>-20</y_min>
		<x_max> 20</x_max>
		<y_max> 20</y_max>
		<z>0.0</z>
	</element>

	<!-- ceiling -->
	<element class="horizontal_plane">
		<cull_face>FRONT</cull_face>
		<x_min>-20</x_min>
		<y_min>-20</y_min>
		<x_max> 20</x_max>
		<y_max> 20</y_max>
		<z>3.5</z>
	</element>


	<!-- =============================
		   Vehicle classes definition
	     ============================= -->
	<include file="../mvsim_tutorial/definitions/ackermann.vehicle.xml" />

	<!-- ========================
		   Vehicle(s) definition
	     ======================== -->
	<vehicle name="r1" class="car_ackermann">
		<init_pose>5 10 0</init_pose>  <!-- In global coords: x,y, yaw(deg) -->
		<init_vel>0 0 0</init_vel>  <!-- In local coords: vx,vy, omega(deg/s) -->


		<!-- Sensors -->
		<include file="../mvsim_tutorial/definitions/lidar2d.sensor.xml"
			raytrace_3d="true"
			sensor_x="1.7" sensor_z="1.01" sensor_yaw="0"
			sensor_name="laser1"
			sensor_publish="true"
			sensor_period="0.25"
		/>
	</vehicle>

	<!-- ======================================
	      Walls
	     ====================================== -->
	<walls>
	  <color>#505050</color>
	  <model_uri>../mvsim_tutorial/testWalls.dae</model_uri>
	  <wallThickness>0.10</wallThickness>
	</walls>

</mvsim_world>
